<?xml version="1.0" encoding="UTF-8"?>
<robot generator="Robot 6.1 (Python 3.7.4 on win32)" generated="20230912 10:05:47.955" rpa="false" schemaversion="4">
<suite id="s1" name="Test" source="C:\Users\Entronica\Desktop\Ex_Test\TestSuite\Test.robot">
<test id="s1-t1" name="Verify All Side Menu" line="8">
<kw name="OpenChrom" library="commonKeyword">
<kw name="Open Browser" library="Browser">
<arg>https://aisplay.ais.co.th/portal/</arg>
<arg>browser=chromium</arg>
<tag>BrowserControl</tag>
<tag>Setter</tag>
<doc>Opens a new browser instance. Use this keyword for quick experiments or debugging sessions.</doc>
<msg timestamp="20230912 10:05:49.564" level="WARN">Open Browser is for quick experimentation and debugging only. Use New Page for production.</msg>
<msg timestamp="20230912 10:05:49.567" level="INFO">{"browser": "chromium", "headless": false, "devtools": false, "handleSIGHUP": true, "handleSIGINT": true, "handleSIGTERM": true, "slowMo": 0.0, "timeout": 30000.0, "deprecated_pos_args": [], "tracesDir": "C:\\Users\\Entronica\\Desktop\\Ex_Test\\browser\\traces\\5a70ec15-f783-453e-8d2e-a72bdff9b878"}</msg>
<msg timestamp="20230912 10:05:51.835" level="INFO">Successfully created browser with options: {"browser":"chromium","headless":false,"devtools":false,"handleSIGHUP":true,"handleSIGINT":true,"handleSIGTERM":true,"slowMo":0,"timeout":30000,"deprecated_pos_args":[],"tracesDir":"C:\\Users\\Entronica\\Desktop\\Ex_Test\\browser\\traces\\5a70ec15-f783-453e-8d2e-a72bdff9b878"}</msg>
<msg timestamp="20230912 10:05:51.835" level="INFO">{
  "acceptDownloads": true,
  "bypassCSP": true,
  "forcedColors": "none",
  "hideRfBrowser": false,
  "ignoreHTTPSErrors": false,
  "javaScriptEnabled": true,
  "offline": false,
  "reducedMotion": "no-preference",
  "viewport": {
    "height": 720,
    "width": 1280
  },
  "deprecated_pos_args": []
}</msg>
<msg timestamp="20230912 10:05:51.853" level="INFO">Successfully created context. </msg>
<msg timestamp="20230912 10:05:51.853" level="INFO">{'acceptDownloads': True, 'bypassCSP': True, 'forcedColors': 'none', 'hideRfBrowser': False, 'ignoreHTTPSErrors': False, 'javaScriptEnabled': True, 'offline': False, 'reducedMotion': 'no-preference', 'viewport': {'height': 720, 'width': 1280}, 'deprecated_pos_args': []}</msg>
<msg timestamp="20230912 10:06:02.022" level="WARN">Keyword 'Take Screenshot  fail-screenshot-{index}' could not be run on failure:
Error: Tried to take screenshot, but no page was open.</msg>
<msg timestamp="20230912 10:06:02.023" level="INFO">See also file:///C:/Users/Entronica/Desktop/Ex_Test/playwright-log.txt for additional details.</msg>
<msg timestamp="20230912 10:06:02.023" level="FAIL">TimeoutError: page.goto: Timeout 10000ms exceeded.
=========================== logs ===========================
navigating to "https://aisplay.ais.co.th/portal/", waiting until "load"
============================================================
Tip: Use "Set Browser Timeout" for increasing the timeout or double check your locator as the targeted element(s) couldn't be found.</msg>
<status status="FAIL" starttime="20230912 10:05:49.563" endtime="20230912 10:06:02.117"/>
</kw>
<status status="FAIL" starttime="20230912 10:05:49.563" endtime="20230912 10:06:02.117"/>
</kw>
<kw name="Wait For Elements State" library="Browser">
<arg>//div[@class="auth-wrap animated fadeIn p-4 login-type"]</arg>
<arg>visible</arg>
<tag>PageContent</tag>
<tag>Wait</tag>
<doc>Waits for the element found by ``selector`` to satisfy state option.</doc>
<status status="NOT RUN" starttime="20230912 10:06:02.118" endtime="20230912 10:06:02.118"/>
</kw>
<kw name="Login without registration" library="commonKeyword">
<status status="NOT RUN" starttime="20230912 10:06:02.118" endtime="20230912 10:06:02.118"/>
</kw>
<kw name="Click" library="Browser">
<arg>xpath=//button[@class='navbar-toggler nav-heading-toogle']</arg>
<tag>PageContent</tag>
<tag>Setter</tag>
<doc>Simulates mouse click on the element found by ``selector``.</doc>
<status status="NOT RUN" starttime="20230912 10:06:02.119" endtime="20230912 10:06:02.119"/>
</kw>
<kw name="Verify all Element side menu" library="commonKeyword">
<status status="NOT RUN" starttime="20230912 10:06:02.119" endtime="20230912 10:06:02.119"/>
</kw>
<kw name="Sleep" library="BuiltIn">
<arg>5s</arg>
<doc>Pauses the test executed for the given time.</doc>
<status status="NOT RUN" starttime="20230912 10:06:02.119" endtime="20230912 10:06:02.119"/>
</kw>
<doc>No. 1
***Test Step Description***
1. เปิดเว็บ
2. กดปุ่มแฮมเบอเกอร์เมนู
3. Verify all Element side menu</doc>
<status status="FAIL" starttime="20230912 10:05:49.556" endtime="20230912 10:06:02.119">TimeoutError: page.goto: Timeout 10000ms exceeded.
=========================== logs ===========================
navigating to "https://aisplay.ais.co.th/portal/", waiting until "load"
============================================================
Tip: Use "Set Browser Timeout" for increasing the timeout or double check your locator as the targeted element(s) couldn't be found.</status>
</test>
<test id="s1-t2" name="Verify Open Live TV Page" line="21">
<kw name="OpenChrom" library="commonKeyword">
<kw name="Open Browser" library="Browser">
<arg>https://aisplay.ais.co.th/portal/</arg>
<arg>browser=chromium</arg>
<tag>BrowserControl</tag>
<tag>Setter</tag>
<doc>Opens a new browser instance. Use this keyword for quick experiments or debugging sessions.</doc>
<msg timestamp="20230912 10:06:02.186" level="WARN">Open Browser is for quick experimentation and debugging only. Use New Page for production.</msg>
<msg timestamp="20230912 10:06:02.186" level="INFO">Switching browser to browser=52597300-fa95-489b-a981-82a4e2162ff3</msg>
<msg timestamp="20230912 10:06:02.191" level="INFO">Successfully changed active browser</msg>
<msg timestamp="20230912 10:06:02.191" level="INFO">Reusing existing browser with id: browser=52597300-fa95-489b-a981-82a4e2162ff3</msg>
<msg timestamp="20230912 10:06:02.191" level="INFO">{
  "acceptDownloads": true,
  "bypassCSP": true,
  "forcedColors": "none",
  "hideRfBrowser": false,
  "ignoreHTTPSErrors": false,
  "javaScriptEnabled": true,
  "offline": false,
  "reducedMotion": "no-preference",
  "viewport": {
    "height": 720,
    "width": 1280
  },
  "deprecated_pos_args": []
}</msg>
<msg timestamp="20230912 10:06:02.203" level="INFO">Successfully created context. </msg>
<msg timestamp="20230912 10:06:02.203" level="INFO">{'acceptDownloads': True, 'bypassCSP': True, 'forcedColors': 'none', 'hideRfBrowser': False, 'ignoreHTTPSErrors': False, 'javaScriptEnabled': True, 'offline': False, 'reducedMotion': 'no-preference', 'viewport': {'height': 720, 'width': 1280}, 'deprecated_pos_args': []}</msg>
<msg timestamp="20230912 10:06:12.339" level="WARN">Keyword 'Take Screenshot  fail-screenshot-{index}' could not be run on failure:
Error: Tried to take screenshot, but no page was open.</msg>
<msg timestamp="20230912 10:06:12.340" level="INFO">See also file:///C:/Users/Entronica/Desktop/Ex_Test/playwright-log.txt for additional details.</msg>
<msg timestamp="20230912 10:06:12.341" level="FAIL">TimeoutError: page.goto: Timeout 10000ms exceeded.
=========================== logs ===========================
navigating to "https://aisplay.ais.co.th/portal/", waiting until "load"
============================================================
Tip: Use "Set Browser Timeout" for increasing the timeout or double check your locator as the targeted element(s) couldn't be found.</msg>
<status status="FAIL" starttime="20230912 10:06:02.185" endtime="20230912 10:06:12.341"/>
</kw>
<status status="FAIL" starttime="20230912 10:06:02.185" endtime="20230912 10:06:12.341"/>
</kw>
<kw name="Wait For Elements State" library="Browser">
<arg>//div[@class="auth-wrap animated fadeIn p-4 login-type"]</arg>
<arg>visible</arg>
<tag>PageContent</tag>
<tag>Wait</tag>
<doc>Waits for the element found by ``selector`` to satisfy state option.</doc>
<status status="NOT RUN" starttime="20230912 10:06:12.342" endtime="20230912 10:06:12.342"/>
</kw>
<kw name="Login without registration" library="commonKeyword">
<status status="NOT RUN" starttime="20230912 10:06:12.343" endtime="20230912 10:06:12.343"/>
</kw>
<kw name="Click" library="Browser">
<arg>xpath=//button[@class='navbar-toggler nav-heading-toogle']</arg>
<tag>PageContent</tag>
<tag>Setter</tag>
<doc>Simulates mouse click on the element found by ``selector``.</doc>
<status status="NOT RUN" starttime="20230912 10:06:12.343" endtime="20230912 10:06:12.343"/>
</kw>
<kw name="Verify all Element side menu" library="commonKeyword">
<status status="NOT RUN" starttime="20230912 10:06:12.343" endtime="20230912 10:06:12.343"/>
</kw>
<kw name="Click" library="Browser">
<arg>xpath=//li[@class='side-bar-list-item' and a/span[contains(text(), 'ทีวี')]]</arg>
<tag>PageContent</tag>
<tag>Setter</tag>
<doc>Simulates mouse click on the element found by ``selector``.</doc>
<status status="NOT RUN" starttime="20230912 10:06:12.344" endtime="20230912 10:06:12.344"/>
</kw>
<kw name="Verify Live TV Page" library="commonKeyword">
<status status="NOT RUN" starttime="20230912 10:06:12.344" endtime="20230912 10:06:12.344"/>
</kw>
<kw name="Sleep" library="BuiltIn">
<arg>5s</arg>
<doc>Pauses the test executed for the given time.</doc>
<status status="NOT RUN" starttime="20230912 10:06:12.345" endtime="20230912 10:06:12.345"/>
</kw>
<doc>No. 2
***Test Step Description***
1. เปิดเว็บ
2. กดปุ่มแฮมเบอเกอร์เมนู
3. Verify all Element side menu
4. กดเลือกเมนู ทีวี
5. Verify Live TV Page(พอสังเขป) &gt; ต้องเห็นคำว่า "ผังรายการทีวี" หรือ "TV Program Guides"</doc>
<status status="FAIL" starttime="20230912 10:06:02.177" endtime="20230912 10:06:12.346">TimeoutError: page.goto: Timeout 10000ms exceeded.
=========================== logs ===========================
navigating to "https://aisplay.ais.co.th/portal/", waiting until "load"
============================================================
Tip: Use "Set Browser Timeout" for increasing the timeout or double check your locator as the targeted element(s) couldn't be found.</status>
</test>
<test id="s1-t3" name="Verify Invalid OTP (TH)" line="38">
<kw name="OpenChrom" library="commonKeyword">
<kw name="Open Browser" library="Browser">
<arg>https://aisplay.ais.co.th/portal/</arg>
<arg>browser=chromium</arg>
<tag>BrowserControl</tag>
<tag>Setter</tag>
<doc>Opens a new browser instance. Use this keyword for quick experiments or debugging sessions.</doc>
<msg timestamp="20230912 10:06:12.427" level="WARN">Open Browser is for quick experimentation and debugging only. Use New Page for production.</msg>
<msg timestamp="20230912 10:06:12.428" level="INFO">Switching browser to browser=52597300-fa95-489b-a981-82a4e2162ff3</msg>
<msg timestamp="20230912 10:06:12.432" level="INFO">Successfully changed active browser</msg>
<msg timestamp="20230912 10:06:12.433" level="INFO">Reusing existing browser with id: browser=52597300-fa95-489b-a981-82a4e2162ff3</msg>
<msg timestamp="20230912 10:06:12.433" level="INFO">{
  "acceptDownloads": true,
  "bypassCSP": true,
  "forcedColors": "none",
  "hideRfBrowser": false,
  "ignoreHTTPSErrors": false,
  "javaScriptEnabled": true,
  "offline": false,
  "reducedMotion": "no-preference",
  "viewport": {
    "height": 720,
    "width": 1280
  },
  "deprecated_pos_args": []
}</msg>
<msg timestamp="20230912 10:06:12.443" level="INFO">Successfully created context. </msg>
<msg timestamp="20230912 10:06:12.443" level="INFO">{'acceptDownloads': True, 'bypassCSP': True, 'forcedColors': 'none', 'hideRfBrowser': False, 'ignoreHTTPSErrors': False, 'javaScriptEnabled': True, 'offline': False, 'reducedMotion': 'no-preference', 'viewport': {'height': 720, 'width': 1280}, 'deprecated_pos_args': []}</msg>
<msg timestamp="20230912 10:06:22.556" level="WARN">Keyword 'Take Screenshot  fail-screenshot-{index}' could not be run on failure:
Error: Tried to take screenshot, but no page was open.</msg>
<msg timestamp="20230912 10:06:22.557" level="INFO">See also file:///C:/Users/Entronica/Desktop/Ex_Test/playwright-log.txt for additional details.</msg>
<msg timestamp="20230912 10:06:22.557" level="FAIL">TimeoutError: page.goto: Timeout 10000ms exceeded.
=========================== logs ===========================
navigating to "https://aisplay.ais.co.th/portal/", waiting until "load"
============================================================
Tip: Use "Set Browser Timeout" for increasing the timeout or double check your locator as the targeted element(s) couldn't be found.</msg>
<status status="FAIL" starttime="20230912 10:06:12.426" endtime="20230912 10:06:22.558"/>
</kw>
<status status="FAIL" starttime="20230912 10:06:12.426" endtime="20230912 10:06:22.558"/>
</kw>
<kw name="Wait For Elements State" library="Browser">
<arg>//div[@class="auth-wrap animated fadeIn p-4 login-type"]</arg>
<arg>visible</arg>
<tag>PageContent</tag>
<tag>Wait</tag>
<doc>Waits for the element found by ``selector`` to satisfy state option.</doc>
<status status="NOT RUN" starttime="20230912 10:06:22.559" endtime="20230912 10:06:22.559"/>
</kw>
<kw name="Login User" library="commonKeyword">
<arg>0123456783</arg>
<arg>1234</arg>
<status status="NOT RUN" starttime="20230912 10:06:22.559" endtime="20230912 10:06:22.559"/>
</kw>
<kw name="Wait For Elements State" library="Browser">
<arg>//div//span[contains(text(), 'รหัส OTP ไม่ถูกต้อง กรุณาระบุใหม่อีกครั้ง')]</arg>
<tag>PageContent</tag>
<tag>Wait</tag>
<doc>Waits for the element found by ``selector`` to satisfy state option.</doc>
<status status="NOT RUN" starttime="20230912 10:06:22.560" endtime="20230912 10:06:22.560"/>
</kw>
<kw name="Sleep" library="BuiltIn">
<arg>5s</arg>
<doc>Pauses the test executed for the given time.</doc>
<status status="NOT RUN" starttime="20230912 10:06:22.561" endtime="20230912 10:06:22.561"/>
</kw>
<doc>No. 3
***Test Step Description***
1. เปิดเว็บ
2. กดปุ่ม เข้าสู่ระบบ
3. กรอกเบอร์: 0123456789
4. กด รับรหัส OTP
5. กรอก opt: 1234
6. Verify Alert msg "รหัส OTP ไม่ถูกต้อง กรุณาระบุใหม่อีกครั้ง"</doc>
<status status="FAIL" starttime="20230912 10:06:12.417" endtime="20230912 10:06:22.561">TimeoutError: page.goto: Timeout 10000ms exceeded.
=========================== logs ===========================
navigating to "https://aisplay.ais.co.th/portal/", waiting until "load"
============================================================
Tip: Use "Set Browser Timeout" for increasing the timeout or double check your locator as the targeted element(s) couldn't be found.</status>
</test>
<test id="s1-t4" name="Verify Invalid OTP (EN)" line="53">
<kw name="OpenChrom" library="commonKeyword">
<kw name="Open Browser" library="Browser">
<arg>https://aisplay.ais.co.th/portal/</arg>
<arg>browser=chromium</arg>
<tag>BrowserControl</tag>
<tag>Setter</tag>
<doc>Opens a new browser instance. Use this keyword for quick experiments or debugging sessions.</doc>
<msg timestamp="20230912 10:06:22.614" level="WARN">Open Browser is for quick experimentation and debugging only. Use New Page for production.</msg>
<msg timestamp="20230912 10:06:22.615" level="INFO">Switching browser to browser=52597300-fa95-489b-a981-82a4e2162ff3</msg>
<msg timestamp="20230912 10:06:22.618" level="INFO">Successfully changed active browser</msg>
<msg timestamp="20230912 10:06:22.618" level="INFO">Reusing existing browser with id: browser=52597300-fa95-489b-a981-82a4e2162ff3</msg>
<msg timestamp="20230912 10:06:22.618" level="INFO">{
  "acceptDownloads": true,
  "bypassCSP": true,
  "forcedColors": "none",
  "hideRfBrowser": false,
  "ignoreHTTPSErrors": false,
  "javaScriptEnabled": true,
  "offline": false,
  "reducedMotion": "no-preference",
  "viewport": {
    "height": 720,
    "width": 1280
  },
  "deprecated_pos_args": []
}</msg>
<msg timestamp="20230912 10:06:22.628" level="INFO">Successfully created context. </msg>
<msg timestamp="20230912 10:06:22.628" level="INFO">{'acceptDownloads': True, 'bypassCSP': True, 'forcedColors': 'none', 'hideRfBrowser': False, 'ignoreHTTPSErrors': False, 'javaScriptEnabled': True, 'offline': False, 'reducedMotion': 'no-preference', 'viewport': {'height': 720, 'width': 1280}, 'deprecated_pos_args': []}</msg>
<msg timestamp="20230912 10:06:32.736" level="WARN">Keyword 'Take Screenshot  fail-screenshot-{index}' could not be run on failure:
Error: Tried to take screenshot, but no page was open.</msg>
<msg timestamp="20230912 10:06:32.738" level="INFO">See also file:///C:/Users/Entronica/Desktop/Ex_Test/playwright-log.txt for additional details.</msg>
<msg timestamp="20230912 10:06:32.738" level="FAIL">TimeoutError: page.goto: Timeout 10000ms exceeded.
=========================== logs ===========================
navigating to "https://aisplay.ais.co.th/portal/", waiting until "load"
============================================================
Tip: Use "Set Browser Timeout" for increasing the timeout or double check your locator as the targeted element(s) couldn't be found.</msg>
<status status="FAIL" starttime="20230912 10:06:22.612" endtime="20230912 10:06:32.739"/>
</kw>
<status status="FAIL" starttime="20230912 10:06:22.612" endtime="20230912 10:06:32.739"/>
</kw>
<kw name="Wait For Elements State" library="Browser">
<arg>//div[@class="auth-wrap animated fadeIn p-4 login-type"]</arg>
<arg>visible</arg>
<tag>PageContent</tag>
<tag>Wait</tag>
<doc>Waits for the element found by ``selector`` to satisfy state option.</doc>
<status status="NOT RUN" starttime="20230912 10:06:32.740" endtime="20230912 10:06:32.740"/>
</kw>
<kw name="Login User EN" library="commonKeyword">
<arg>0123456782</arg>
<arg>1234</arg>
<status status="NOT RUN" starttime="20230912 10:06:32.741" endtime="20230912 10:06:32.741"/>
</kw>
<kw name="Wait For Elements State" library="Browser">
<arg>//div//span[contains(text(), 'You have entered incorrect OTP. Please try again.')]</arg>
<tag>PageContent</tag>
<tag>Wait</tag>
<doc>Waits for the element found by ``selector`` to satisfy state option.</doc>
<status status="NOT RUN" starttime="20230912 10:06:32.742" endtime="20230912 10:06:32.742"/>
</kw>
<kw name="Sleep" library="BuiltIn">
<arg>5s</arg>
<doc>Pauses the test executed for the given time.</doc>
<status status="NOT RUN" starttime="20230912 10:06:32.743" endtime="20230912 10:06:32.743"/>
</kw>
<doc>No. 4
***Test Step Description***
1. เปิดเว็บ
2. กดปุ่ม เข้าสู่ระบบ
3. กดปุ่ม EN
4. กรอกเบอร์: 0123456789
5. กด รับรหัส OTP
6. กรอก opt: 1234
7. Verify Alert msg "You have entered incorrect OTP. Please try again."</doc>
<status status="FAIL" starttime="20230912 10:06:22.607" endtime="20230912 10:06:32.743">TimeoutError: page.goto: Timeout 10000ms exceeded.
=========================== logs ===========================
navigating to "https://aisplay.ais.co.th/portal/", waiting until "load"
============================================================
Tip: Use "Set Browser Timeout" for increasing the timeout or double check your locator as the targeted element(s) couldn't be found.</status>
</test>
<test id="s1-t5" name="Verify Settings Page" line="69">
<kw name="OpenChrom" library="commonKeyword">
<kw name="Open Browser" library="Browser">
<arg>https://aisplay.ais.co.th/portal/</arg>
<arg>browser=chromium</arg>
<tag>BrowserControl</tag>
<tag>Setter</tag>
<doc>Opens a new browser instance. Use this keyword for quick experiments or debugging sessions.</doc>
<msg timestamp="20230912 10:06:32.800" level="WARN">Open Browser is for quick experimentation and debugging only. Use New Page for production.</msg>
<msg timestamp="20230912 10:06:32.801" level="INFO">Switching browser to browser=52597300-fa95-489b-a981-82a4e2162ff3</msg>
<msg timestamp="20230912 10:06:32.804" level="INFO">Successfully changed active browser</msg>
<msg timestamp="20230912 10:06:32.804" level="INFO">Reusing existing browser with id: browser=52597300-fa95-489b-a981-82a4e2162ff3</msg>
<msg timestamp="20230912 10:06:32.804" level="INFO">{
  "acceptDownloads": true,
  "bypassCSP": true,
  "forcedColors": "none",
  "hideRfBrowser": false,
  "ignoreHTTPSErrors": false,
  "javaScriptEnabled": true,
  "offline": false,
  "reducedMotion": "no-preference",
  "viewport": {
    "height": 720,
    "width": 1280
  },
  "deprecated_pos_args": []
}</msg>
<msg timestamp="20230912 10:06:32.813" level="INFO">Successfully created context. </msg>
<msg timestamp="20230912 10:06:32.813" level="INFO">{'acceptDownloads': True, 'bypassCSP': True, 'forcedColors': 'none', 'hideRfBrowser': False, 'ignoreHTTPSErrors': False, 'javaScriptEnabled': True, 'offline': False, 'reducedMotion': 'no-preference', 'viewport': {'height': 720, 'width': 1280}, 'deprecated_pos_args': []}</msg>
<msg timestamp="20230912 10:06:42.920" level="WARN">Keyword 'Take Screenshot  fail-screenshot-{index}' could not be run on failure:
Error: Tried to take screenshot, but no page was open.</msg>
<msg timestamp="20230912 10:06:42.922" level="INFO">See also file:///C:/Users/Entronica/Desktop/Ex_Test/playwright-log.txt for additional details.</msg>
<msg timestamp="20230912 10:06:42.923" level="FAIL">TimeoutError: page.goto: Timeout 10000ms exceeded.
=========================== logs ===========================
navigating to "https://aisplay.ais.co.th/portal/", waiting until "load"
============================================================
Tip: Use "Set Browser Timeout" for increasing the timeout or double check your locator as the targeted element(s) couldn't be found.</msg>
<status status="FAIL" starttime="20230912 10:06:32.799" endtime="20230912 10:06:42.923"/>
</kw>
<status status="FAIL" starttime="20230912 10:06:32.798" endtime="20230912 10:06:42.923"/>
</kw>
<kw name="Wait For Elements State" library="Browser">
<arg>//div[@class="auth-wrap animated fadeIn p-4 login-type"]</arg>
<arg>visible</arg>
<tag>PageContent</tag>
<tag>Wait</tag>
<doc>Waits for the element found by ``selector`` to satisfy state option.</doc>
<status status="NOT RUN" starttime="20230912 10:06:42.923" endtime="20230912 10:06:42.923"/>
</kw>
<kw name="Login without registration" library="commonKeyword">
<status status="NOT RUN" starttime="20230912 10:06:42.924" endtime="20230912 10:06:42.924"/>
</kw>
<kw name="Click" library="Browser">
<arg>xpath=//button[@class='navbar-toggler nav-heading-toogle']</arg>
<tag>PageContent</tag>
<tag>Setter</tag>
<doc>Simulates mouse click on the element found by ``selector``.</doc>
<status status="NOT RUN" starttime="20230912 10:06:42.924" endtime="20230912 10:06:42.924"/>
</kw>
<kw name="Verify all Element side menu" library="commonKeyword">
<status status="NOT RUN" starttime="20230912 10:06:42.925" endtime="20230912 10:06:42.925"/>
</kw>
<kw name="Click" library="Browser">
<arg>xpath=//li[@class='side-bar-list-item' and a/span[contains(text(), 'ตั้งค่า')]]</arg>
<tag>PageContent</tag>
<tag>Setter</tag>
<doc>Simulates mouse click on the element found by ``selector``.</doc>
<status status="NOT RUN" starttime="20230912 10:06:42.926" endtime="20230912 10:06:42.926"/>
</kw>
<kw name="Verify Settings Page TH" library="commonKeyword">
<status status="NOT RUN" starttime="20230912 10:06:42.926" endtime="20230912 10:06:42.926"/>
</kw>
<kw name="Click" library="Browser">
<arg>//div[@class="container-fluid px-0"]//div[4]//button[@class="language-select"]</arg>
<tag>PageContent</tag>
<tag>Setter</tag>
<doc>Simulates mouse click on the element found by ``selector``.</doc>
<status status="NOT RUN" starttime="20230912 10:06:42.926" endtime="20230912 10:06:42.926"/>
</kw>
<kw name="Verify Settings Page EN" library="commonKeyword">
<status status="NOT RUN" starttime="20230912 10:06:42.927" endtime="20230912 10:06:42.927"/>
</kw>
<kw name="Sleep" library="BuiltIn">
<arg>5s</arg>
<doc>Pauses the test executed for the given time.</doc>
<status status="NOT RUN" starttime="20230912 10:06:42.927" endtime="20230912 10:06:42.927"/>
</kw>
<doc>No. 5
***Test Step Description***
1. เปิดเว็บ
2. เลือกเมนู Settings
3. Verify Settings Page (Thai)
4. เลือกภาษา เป็น English
5. Verify Settings Page (English)</doc>
<status status="FAIL" starttime="20230912 10:06:32.793" endtime="20230912 10:06:42.929">TimeoutError: page.goto: Timeout 10000ms exceeded.
=========================== logs ===========================
navigating to "https://aisplay.ais.co.th/portal/", waiting until "load"
============================================================
Tip: Use "Set Browser Timeout" for increasing the timeout or double check your locator as the targeted element(s) couldn't be found.</status>
</test>
<test id="s1-t6" name="Verify search not found" line="88">
<kw name="OpenChrom" library="commonKeyword">
<kw name="Open Browser" library="Browser">
<arg>https://aisplay.ais.co.th/portal/</arg>
<arg>browser=chromium</arg>
<tag>BrowserControl</tag>
<tag>Setter</tag>
<doc>Opens a new browser instance. Use this keyword for quick experiments or debugging sessions.</doc>
<msg timestamp="20230912 10:06:42.995" level="WARN">Open Browser is for quick experimentation and debugging only. Use New Page for production.</msg>
<msg timestamp="20230912 10:06:42.996" level="INFO">Switching browser to browser=52597300-fa95-489b-a981-82a4e2162ff3</msg>
<msg timestamp="20230912 10:06:42.999" level="INFO">Successfully changed active browser</msg>
<msg timestamp="20230912 10:06:42.999" level="INFO">Reusing existing browser with id: browser=52597300-fa95-489b-a981-82a4e2162ff3</msg>
<msg timestamp="20230912 10:06:42.999" level="INFO">{
  "acceptDownloads": true,
  "bypassCSP": true,
  "forcedColors": "none",
  "hideRfBrowser": false,
  "ignoreHTTPSErrors": false,
  "javaScriptEnabled": true,
  "offline": false,
  "reducedMotion": "no-preference",
  "viewport": {
    "height": 720,
    "width": 1280
  },
  "deprecated_pos_args": []
}</msg>
<msg timestamp="20230912 10:06:43.011" level="INFO">Successfully created context. </msg>
<msg timestamp="20230912 10:06:43.011" level="INFO">{'acceptDownloads': True, 'bypassCSP': True, 'forcedColors': 'none', 'hideRfBrowser': False, 'ignoreHTTPSErrors': False, 'javaScriptEnabled': True, 'offline': False, 'reducedMotion': 'no-preference', 'viewport': {'height': 720, 'width': 1280}, 'deprecated_pos_args': []}</msg>
<msg timestamp="20230912 10:06:53.113" level="WARN">Keyword 'Take Screenshot  fail-screenshot-{index}' could not be run on failure:
Error: Tried to take screenshot, but no page was open.</msg>
<msg timestamp="20230912 10:06:53.114" level="INFO">See also file:///C:/Users/Entronica/Desktop/Ex_Test/playwright-log.txt for additional details.</msg>
<msg timestamp="20230912 10:06:53.114" level="FAIL">TimeoutError: page.goto: Timeout 10000ms exceeded.
=========================== logs ===========================
navigating to "https://aisplay.ais.co.th/portal/", waiting until "load"
============================================================
Tip: Use "Set Browser Timeout" for increasing the timeout or double check your locator as the targeted element(s) couldn't be found.</msg>
<status status="FAIL" starttime="20230912 10:06:42.995" endtime="20230912 10:06:53.114"/>
</kw>
<status status="FAIL" starttime="20230912 10:06:42.994" endtime="20230912 10:06:53.115"/>
</kw>
<kw name="Wait For Elements State" library="Browser">
<arg>//div[@class="auth-wrap animated fadeIn p-4 login-type"]</arg>
<arg>visible</arg>
<tag>PageContent</tag>
<tag>Wait</tag>
<doc>Waits for the element found by ``selector`` to satisfy state option.</doc>
<status status="NOT RUN" starttime="20230912 10:06:53.115" endtime="20230912 10:06:53.115"/>
</kw>
<kw name="Login without registration" library="commonKeyword">
<status status="NOT RUN" starttime="20230912 10:06:53.115" endtime="20230912 10:06:53.115"/>
</kw>
<kw name="Click" library="Browser">
<arg>//button[@class="btn form-search-btnsearch not-focusable rounded-left"]</arg>
<tag>PageContent</tag>
<tag>Setter</tag>
<doc>Simulates mouse click on the element found by ``selector``.</doc>
<status status="NOT RUN" starttime="20230912 10:06:53.115" endtime="20230912 10:06:53.116"/>
</kw>
<kw name="Wait For Elements State" library="Browser">
<arg>//input[@class="form-control form-search-input-form"]</arg>
<arg>visible</arg>
<tag>PageContent</tag>
<tag>Wait</tag>
<doc>Waits for the element found by ``selector`` to satisfy state option.</doc>
<status status="NOT RUN" starttime="20230912 10:06:53.116" endtime="20230912 10:06:53.117"/>
</kw>
<kw name="Type Text" library="Browser">
<arg>//input[@class="form-control form-search-input-form"]</arg>
<arg>test123456789</arg>
<tag>PageContent</tag>
<tag>Setter</tag>
<doc>Types the given ``txt`` into the text field found by ``selector``.</doc>
<status status="NOT RUN" starttime="20230912 10:06:53.117" endtime="20230912 10:06:53.117"/>
</kw>
<kw name="Click" library="Browser">
<arg>//button[@class="btn form-search-btnsearch not-focusable active"]</arg>
<tag>PageContent</tag>
<tag>Setter</tag>
<doc>Simulates mouse click on the element found by ``selector``.</doc>
<status status="NOT RUN" starttime="20230912 10:06:53.117" endtime="20230912 10:06:53.117"/>
</kw>
<kw name="Verify Error msg" library="commonKeyword">
<status status="NOT RUN" starttime="20230912 10:06:53.117" endtime="20230912 10:06:53.117"/>
</kw>
<kw name="Sleep" library="BuiltIn">
<arg>5s</arg>
<doc>Pauses the test executed for the given time.</doc>
<status status="NOT RUN" starttime="20230912 10:06:53.118" endtime="20230912 10:06:53.118"/>
</kw>
<doc>No. 6
***Test Step Description***
1. เปิดเว็บ
2. ค้นหา test123456789
3. Verify ในหัวข้อ Movies ต้องแสดง msg &gt; ไม่พบ "Movies" ไม่ได้เลือกหมวด:test123456789</doc>
<status status="FAIL" starttime="20230912 10:06:42.990" endtime="20230912 10:06:53.118">TimeoutError: page.goto: Timeout 10000ms exceeded.
=========================== logs ===========================
navigating to "https://aisplay.ais.co.th/portal/", waiting until "load"
============================================================
Tip: Use "Set Browser Timeout" for increasing the timeout or double check your locator as the targeted element(s) couldn't be found.</status>
</test>
<test id="s1-t7" name="Verify search and movie page" line="104">
<kw name="OpenChrom" library="commonKeyword">
<kw name="Open Browser" library="Browser">
<arg>https://aisplay.ais.co.th/portal/</arg>
<arg>browser=chromium</arg>
<tag>BrowserControl</tag>
<tag>Setter</tag>
<doc>Opens a new browser instance. Use this keyword for quick experiments or debugging sessions.</doc>
<msg timestamp="20230912 10:06:53.177" level="WARN">Open Browser is for quick experimentation and debugging only. Use New Page for production.</msg>
<msg timestamp="20230912 10:06:53.177" level="INFO">Switching browser to browser=52597300-fa95-489b-a981-82a4e2162ff3</msg>
<msg timestamp="20230912 10:06:53.180" level="INFO">Successfully changed active browser</msg>
<msg timestamp="20230912 10:06:53.181" level="INFO">Reusing existing browser with id: browser=52597300-fa95-489b-a981-82a4e2162ff3</msg>
<msg timestamp="20230912 10:06:53.181" level="INFO">{
  "acceptDownloads": true,
  "bypassCSP": true,
  "forcedColors": "none",
  "hideRfBrowser": false,
  "ignoreHTTPSErrors": false,
  "javaScriptEnabled": true,
  "offline": false,
  "reducedMotion": "no-preference",
  "viewport": {
    "height": 720,
    "width": 1280
  },
  "deprecated_pos_args": []
}</msg>
<msg timestamp="20230912 10:06:53.190" level="INFO">Successfully created context. </msg>
<msg timestamp="20230912 10:06:53.190" level="INFO">{'acceptDownloads': True, 'bypassCSP': True, 'forcedColors': 'none', 'hideRfBrowser': False, 'ignoreHTTPSErrors': False, 'javaScriptEnabled': True, 'offline': False, 'reducedMotion': 'no-preference', 'viewport': {'height': 720, 'width': 1280}, 'deprecated_pos_args': []}</msg>
<msg timestamp="20230912 10:07:03.302" level="WARN">Keyword 'Take Screenshot  fail-screenshot-{index}' could not be run on failure:
Error: Tried to take screenshot, but no page was open.</msg>
<msg timestamp="20230912 10:07:03.303" level="INFO">See also file:///C:/Users/Entronica/Desktop/Ex_Test/playwright-log.txt for additional details.</msg>
<msg timestamp="20230912 10:07:03.303" level="FAIL">TimeoutError: page.goto: Timeout 10000ms exceeded.
=========================== logs ===========================
navigating to "https://aisplay.ais.co.th/portal/", waiting until "load"
============================================================
Tip: Use "Set Browser Timeout" for increasing the timeout or double check your locator as the targeted element(s) couldn't be found.</msg>
<status status="FAIL" starttime="20230912 10:06:53.175" endtime="20230912 10:07:03.304"/>
</kw>
<status status="FAIL" starttime="20230912 10:06:53.175" endtime="20230912 10:07:03.305"/>
</kw>
<kw name="Wait For Elements State" library="Browser">
<arg>//div[@class="auth-wrap animated fadeIn p-4 login-type"]</arg>
<arg>visible</arg>
<tag>PageContent</tag>
<tag>Wait</tag>
<doc>Waits for the element found by ``selector`` to satisfy state option.</doc>
<status status="NOT RUN" starttime="20230912 10:07:03.305" endtime="20230912 10:07:03.306"/>
</kw>
<kw name="Login without registration" library="commonKeyword">
<status status="NOT RUN" starttime="20230912 10:07:03.307" endtime="20230912 10:07:03.307"/>
</kw>
<kw name="Click" library="Browser">
<arg>//button[@class="btn form-search-btnsearch not-focusable rounded-left"]</arg>
<tag>PageContent</tag>
<tag>Setter</tag>
<doc>Simulates mouse click on the element found by ``selector``.</doc>
<status status="NOT RUN" starttime="20230912 10:07:03.307" endtime="20230912 10:07:03.308"/>
</kw>
<kw name="Wait For Elements State" library="Browser">
<arg>//input[@class="form-control form-search-input-form"]</arg>
<arg>visible</arg>
<tag>PageContent</tag>
<tag>Wait</tag>
<doc>Waits for the element found by ``selector`` to satisfy state option.</doc>
<status status="NOT RUN" starttime="20230912 10:07:03.309" endtime="20230912 10:07:03.309"/>
</kw>
<kw name="Type Text" library="Browser">
<arg>//input[@class="form-control form-search-input-form"]</arg>
<arg>ดรีมทีม</arg>
<tag>PageContent</tag>
<tag>Setter</tag>
<doc>Types the given ``txt`` into the text field found by ``selector``.</doc>
<status status="NOT RUN" starttime="20230912 10:07:03.310" endtime="20230912 10:07:03.310"/>
</kw>
<kw name="Click" library="Browser">
<arg>//button[@class="btn form-search-btnsearch not-focusable active"]</arg>
<tag>PageContent</tag>
<tag>Setter</tag>
<doc>Simulates mouse click on the element found by ``selector``.</doc>
<status status="NOT RUN" starttime="20230912 10:07:03.311" endtime="20230912 10:07:03.312"/>
</kw>
<kw name="Get Elements" library="Browser">
<var>${elements}</var>
<arg>//section[@id="movies"]//div[@class="carusel-data-column"]</arg>
<tag>Getter</tag>
<tag>PageContent</tag>
<doc>Returns a reference to Playwright [https://playwright.dev/docs/api/class-locator|Locator]
for all matched elements by ``selector``.</doc>
<status status="NOT RUN" starttime="20230912 10:07:03.313" endtime="20230912 10:07:03.313"/>
</kw>
<kw name="Log" library="BuiltIn">
<arg>${elements}</arg>
<doc>Logs the given message with the given level.</doc>
<status status="NOT RUN" starttime="20230912 10:07:03.313" endtime="20230912 10:07:03.314"/>
</kw>
<if>
<branch type="IF" condition="${elements} != []">
<for flavor="IN">
<var>${element}</var>
<value>@{elements}</value>
<iter>
<var name="${element}"/>
<kw name="Get Text" library="Browser">
<var>${element_text}</var>
<arg>${element}</arg>
<tag>Assertion</tag>
<tag>Getter</tag>
<tag>PageContent</tag>
<doc>Returns text attribute of the element found by ``selector``.</doc>
<status status="NOT RUN" starttime="20230912 10:07:03.317" endtime="20230912 10:07:03.317"/>
</kw>
<kw name="Run Keyword And Return Status" library="BuiltIn">
<var>${is_contained}</var>
<arg>Should Contain</arg>
<arg>${element_text}</arg>
<arg>ดรีมทีม</arg>
<doc>Runs the given keyword with given arguments and returns the status as a Boolean value.</doc>
<status status="NOT RUN" starttime="20230912 10:07:03.318" endtime="20230912 10:07:03.318"/>
</kw>
<kw name="Verify Movies" library="commonKeyword">
<arg>${is_contained}</arg>
<status status="NOT RUN" starttime="20230912 10:07:03.319" endtime="20230912 10:07:03.319"/>
</kw>
<kw name="Verify Open Movie Page" library="commonKeyword">
<arg>ดรีมทีม</arg>
<status status="NOT RUN" starttime="20230912 10:07:03.319" endtime="20230912 10:07:03.319"/>
</kw>
<if>
<branch type="IF" condition="${is_contained}">
<break>
<status status="NOT RUN" starttime="20230912 10:07:03.320" endtime="20230912 10:07:03.320"/>
</break>
<status status="NOT RUN" starttime="20230912 10:07:03.320" endtime="20230912 10:07:03.321"/>
</branch>
<status status="NOT RUN" starttime="20230912 10:07:03.319" endtime="20230912 10:07:03.322"/>
</if>
<status status="NOT RUN" starttime="20230912 10:07:03.317" endtime="20230912 10:07:03.322"/>
</iter>
<status status="NOT RUN" starttime="20230912 10:07:03.316" endtime="20230912 10:07:03.322"/>
</for>
<status status="NOT RUN" starttime="20230912 10:07:03.316" endtime="20230912 10:07:03.322"/>
</branch>
<branch type="ELSE">
<kw name="Log" library="BuiltIn">
<arg>กรุณาเช็ค Movies ของคุณอีกครั้งจ้า</arg>
<doc>Logs the given message with the given level.</doc>
<status status="NOT RUN" starttime="20230912 10:07:03.323" endtime="20230912 10:07:03.323"/>
</kw>
<status status="NOT RUN" starttime="20230912 10:07:03.323" endtime="20230912 10:07:03.323"/>
</branch>
<status status="NOT RUN" starttime="20230912 10:07:03.316" endtime="20230912 10:07:03.323"/>
</if>
<kw name="Log" library="BuiltIn">
<arg>${element_text}</arg>
<doc>Logs the given message with the given level.</doc>
<status status="NOT RUN" starttime="20230912 10:07:03.325" endtime="20230912 10:07:03.325"/>
</kw>
<kw name="Sleep" library="BuiltIn">
<arg>5s</arg>
<doc>Pauses the test executed for the given time.</doc>
<status status="NOT RUN" starttime="20230912 10:07:03.326" endtime="20230912 10:07:03.327"/>
</kw>
<doc>No. 7
***Test Step Description***
1. เปิดเว็บ
2. ค้นหา ดรีมทีม
3. Verify ว่าในหัวข้อ Movies ต้องมีหนังเรื่อง ดรีมทีม
&gt; ถ้ามีให้กดที่ Poster หรือ Name
&gt; ถ้าไม่มีให้แสดง msg error ใน log ว่า "กรุณาเช็ค Movies ของคุณอีกครั้งจ้า"
4.Verify Movie Page(เช็คชื่อหนังว่าเปิดเรื่องที่เรากดมา)</doc>
<status status="FAIL" starttime="20230912 10:06:53.167" endtime="20230912 10:07:03.329">TimeoutError: page.goto: Timeout 10000ms exceeded.
=========================== logs ===========================
navigating to "https://aisplay.ais.co.th/portal/", waiting until "load"
============================================================
Tip: Use "Set Browser Timeout" for increasing the timeout or double check your locator as the targeted element(s) couldn't be found.</status>
</test>
<test id="s1-t8" name="Verify Change channel is correct" line="142">
<kw name="OpenChrom" library="commonKeyword">
<kw name="Open Browser" library="Browser">
<arg>https://aisplay.ais.co.th/portal/</arg>
<arg>browser=chromium</arg>
<tag>BrowserControl</tag>
<tag>Setter</tag>
<doc>Opens a new browser instance. Use this keyword for quick experiments or debugging sessions.</doc>
<msg timestamp="20230912 10:07:03.404" level="WARN">Open Browser is for quick experimentation and debugging only. Use New Page for production.</msg>
<msg timestamp="20230912 10:07:03.405" level="INFO">Switching browser to browser=52597300-fa95-489b-a981-82a4e2162ff3</msg>
<msg timestamp="20230912 10:07:03.406" level="INFO">Successfully changed active browser</msg>
<msg timestamp="20230912 10:07:03.406" level="INFO">Reusing existing browser with id: browser=52597300-fa95-489b-a981-82a4e2162ff3</msg>
<msg timestamp="20230912 10:07:03.406" level="INFO">{
  "acceptDownloads": true,
  "bypassCSP": true,
  "forcedColors": "none",
  "hideRfBrowser": false,
  "ignoreHTTPSErrors": false,
  "javaScriptEnabled": true,
  "offline": false,
  "reducedMotion": "no-preference",
  "viewport": {
    "height": 720,
    "width": 1280
  },
  "deprecated_pos_args": []
}</msg>
<msg timestamp="20230912 10:07:03.416" level="INFO">Successfully created context. </msg>
<msg timestamp="20230912 10:07:03.416" level="INFO">{'acceptDownloads': True, 'bypassCSP': True, 'forcedColors': 'none', 'hideRfBrowser': False, 'ignoreHTTPSErrors': False, 'javaScriptEnabled': True, 'offline': False, 'reducedMotion': 'no-preference', 'viewport': {'height': 720, 'width': 1280}, 'deprecated_pos_args': []}</msg>
<msg timestamp="20230912 10:07:13.523" level="WARN">Keyword 'Take Screenshot  fail-screenshot-{index}' could not be run on failure:
Error: Tried to take screenshot, but no page was open.</msg>
<msg timestamp="20230912 10:07:13.524" level="INFO">See also file:///C:/Users/Entronica/Desktop/Ex_Test/playwright-log.txt for additional details.</msg>
<msg timestamp="20230912 10:07:13.524" level="FAIL">TimeoutError: page.goto: Timeout 10000ms exceeded.
=========================== logs ===========================
navigating to "https://aisplay.ais.co.th/portal/", waiting until "load"
============================================================
Tip: Use "Set Browser Timeout" for increasing the timeout or double check your locator as the targeted element(s) couldn't be found.</msg>
<status status="FAIL" starttime="20230912 10:07:03.404" endtime="20230912 10:07:13.524"/>
</kw>
<status status="FAIL" starttime="20230912 10:07:03.403" endtime="20230912 10:07:13.525"/>
</kw>
<kw name="Wait For Elements State" library="Browser">
<arg>//div[@class="auth-wrap animated fadeIn p-4 login-type"]</arg>
<arg>visible</arg>
<tag>PageContent</tag>
<tag>Wait</tag>
<doc>Waits for the element found by ``selector`` to satisfy state option.</doc>
<status status="NOT RUN" starttime="20230912 10:07:13.525" endtime="20230912 10:07:13.525"/>
</kw>
<kw name="Login without registration" library="commonKeyword">
<status status="NOT RUN" starttime="20230912 10:07:13.526" endtime="20230912 10:07:13.526"/>
</kw>
<kw name="Click" library="Browser">
<arg>xpath=//button[@class='navbar-toggler nav-heading-toogle']</arg>
<tag>PageContent</tag>
<tag>Setter</tag>
<doc>Simulates mouse click on the element found by ``selector``.</doc>
<status status="NOT RUN" starttime="20230912 10:07:13.526" endtime="20230912 10:07:13.527"/>
</kw>
<kw name="Verify all Element side menu" library="commonKeyword">
<status status="NOT RUN" starttime="20230912 10:07:13.527" endtime="20230912 10:07:13.527"/>
</kw>
<kw name="Click" library="Browser">
<arg>xpath=//li[@class='side-bar-list-item' and a/span[contains(text(), 'ทีวี')]]</arg>
<tag>PageContent</tag>
<tag>Setter</tag>
<doc>Simulates mouse click on the element found by ``selector``.</doc>
<status status="NOT RUN" starttime="20230912 10:07:13.527" endtime="20230912 10:07:13.527"/>
</kw>
<kw name="Verify Live TV Page" library="commonKeyword">
<status status="NOT RUN" starttime="20230912 10:07:13.528" endtime="20230912 10:07:13.528"/>
</kw>
<kw name="Get Elements" library="Browser">
<var>${elements}</var>
<arg>//div[@class="row mx-0 flex-column w-100 col-12 mx-0 px-0"]</arg>
<tag>Getter</tag>
<tag>PageContent</tag>
<doc>Returns a reference to Playwright [https://playwright.dev/docs/api/class-locator|Locator]
for all matched elements by ``selector``.</doc>
<status status="NOT RUN" starttime="20230912 10:07:13.528" endtime="20230912 10:07:13.528"/>
</kw>
<kw name="Evaluate" library="BuiltIn">
<var>${test}</var>
<arg>random.choice($elements)</arg>
<doc>Evaluates the given expression in Python and returns the result.</doc>
<status status="NOT RUN" starttime="20230912 10:07:13.528" endtime="20230912 10:07:13.528"/>
</kw>
<kw name="Click" library="Browser">
<arg>${test}</arg>
<tag>PageContent</tag>
<tag>Setter</tag>
<doc>Simulates mouse click on the element found by ``selector``.</doc>
<status status="NOT RUN" starttime="20230912 10:07:13.530" endtime="20230912 10:07:13.530"/>
</kw>
<kw name="Get Text" library="Browser">
<var>${element_text}</var>
<arg>${test}</arg>
<tag>Assertion</tag>
<tag>Getter</tag>
<tag>PageContent</tag>
<doc>Returns text attribute of the element found by ``selector``.</doc>
<status status="NOT RUN" starttime="20230912 10:07:13.530" endtime="20230912 10:07:13.530"/>
</kw>
<kw name="Evaluate" library="BuiltIn">
<var>${lines}</var>
<arg>"""${element_text}""".splitlines()</arg>
<doc>Evaluates the given expression in Python and returns the result.</doc>
<status status="NOT RUN" starttime="20230912 10:07:13.530" endtime="20230912 10:07:13.530"/>
</kw>
<kw name="Set Variable" library="BuiltIn">
<var>${line_2}</var>
<arg>${lines}[1]</arg>
<doc>Returns the given values which can then be assigned to a variables.</doc>
<status status="NOT RUN" starttime="20230912 10:07:13.531" endtime="20230912 10:07:13.531"/>
</kw>
<kw name="Log" library="BuiltIn">
<arg>${line_2}</arg>
<doc>Logs the given message with the given level.</doc>
<status status="NOT RUN" starttime="20230912 10:07:13.531" endtime="20230912 10:07:13.531"/>
</kw>
<kw name="Verify Open Page" library="commonKeyword">
<arg>${line_2}</arg>
<status status="NOT RUN" starttime="20230912 10:07:13.531" endtime="20230912 10:07:13.532"/>
</kw>
<kw name="Sleep" library="BuiltIn">
<arg>5s</arg>
<doc>Pauses the test executed for the given time.</doc>
<status status="NOT RUN" starttime="20230912 10:07:13.532" endtime="20230912 10:07:13.532"/>
</kw>
<doc>No. 8
***Test Step Description***
1. เปิดเว็บ
2. กดปุ่มแฮมเบอเกอร์เมนู
3. กดเลือกเมนู ทีวี
4. เปลี่ยนช่องเปนช่องใดก็ได้
5. verify ว่าเปิดช่องถูกต้อง</doc>
<status status="FAIL" starttime="20230912 10:07:03.391" endtime="20230912 10:07:13.532">TimeoutError: page.goto: Timeout 10000ms exceeded.
=========================== logs ===========================
navigating to "https://aisplay.ais.co.th/portal/", waiting until "load"
============================================================
Tip: Use "Set Browser Timeout" for increasing the timeout or double check your locator as the targeted element(s) couldn't be found.</status>
</test>
<test id="s1-t9" name="Verify All Side Menu" line="169">
<kw name="OpenChrom" library="commonKeyword">
<kw name="Open Browser" library="Browser">
<arg>https://aisplay.ais.co.th/portal/</arg>
<arg>browser=chromium</arg>
<tag>BrowserControl</tag>
<tag>Setter</tag>
<doc>Opens a new browser instance. Use this keyword for quick experiments or debugging sessions.</doc>
<msg timestamp="20230912 10:07:13.597" level="WARN">Open Browser is for quick experimentation and debugging only. Use New Page for production.</msg>
<msg timestamp="20230912 10:07:13.598" level="INFO">Switching browser to browser=52597300-fa95-489b-a981-82a4e2162ff3</msg>
<msg timestamp="20230912 10:07:13.600" level="INFO">Successfully changed active browser</msg>
<msg timestamp="20230912 10:07:13.600" level="INFO">Reusing existing browser with id: browser=52597300-fa95-489b-a981-82a4e2162ff3</msg>
<msg timestamp="20230912 10:07:13.600" level="INFO">{
  "acceptDownloads": true,
  "bypassCSP": true,
  "forcedColors": "none",
  "hideRfBrowser": false,
  "ignoreHTTPSErrors": false,
  "javaScriptEnabled": true,
  "offline": false,
  "reducedMotion": "no-preference",
  "viewport": {
    "height": 720,
    "width": 1280
  },
  "deprecated_pos_args": []
}</msg>
<msg timestamp="20230912 10:07:13.613" level="INFO">Successfully created context. </msg>
<msg timestamp="20230912 10:07:13.614" level="INFO">{'acceptDownloads': True, 'bypassCSP': True, 'forcedColors': 'none', 'hideRfBrowser': False, 'ignoreHTTPSErrors': False, 'javaScriptEnabled': True, 'offline': False, 'reducedMotion': 'no-preference', 'viewport': {'height': 720, 'width': 1280}, 'deprecated_pos_args': []}</msg>
<msg timestamp="20230912 10:07:23.721" level="WARN">Keyword 'Take Screenshot  fail-screenshot-{index}' could not be run on failure:
Error: Tried to take screenshot, but no page was open.</msg>
<msg timestamp="20230912 10:07:23.723" level="INFO">See also file:///C:/Users/Entronica/Desktop/Ex_Test/playwright-log.txt for additional details.</msg>
<msg timestamp="20230912 10:07:23.723" level="FAIL">TimeoutError: page.goto: Timeout 10000ms exceeded.
=========================== logs ===========================
navigating to "https://aisplay.ais.co.th/portal/", waiting until "load"
============================================================
Tip: Use "Set Browser Timeout" for increasing the timeout or double check your locator as the targeted element(s) couldn't be found.</msg>
<status status="FAIL" starttime="20230912 10:07:13.595" endtime="20230912 10:07:23.725"/>
</kw>
<status status="FAIL" starttime="20230912 10:07:13.594" endtime="20230912 10:07:23.726"/>
</kw>
<kw name="Wait For Elements State" library="Browser">
<arg>//div[@class="auth-wrap animated fadeIn p-4 login-type"]</arg>
<arg>visible</arg>
<tag>PageContent</tag>
<tag>Wait</tag>
<doc>Waits for the element found by ``selector`` to satisfy state option.</doc>
<status status="NOT RUN" starttime="20230912 10:07:23.726" endtime="20230912 10:07:23.727"/>
</kw>
<kw name="Login without registration" library="commonKeyword">
<status status="NOT RUN" starttime="20230912 10:07:23.727" endtime="20230912 10:07:23.728"/>
</kw>
<kw name="Click" library="Browser">
<arg>xpath=//button[@class='navbar-toggler nav-heading-toogle']</arg>
<tag>PageContent</tag>
<tag>Setter</tag>
<doc>Simulates mouse click on the element found by ``selector``.</doc>
<status status="NOT RUN" starttime="20230912 10:07:23.728" endtime="20230912 10:07:23.728"/>
</kw>
<kw name="Get Elements" library="Browser">
<var>${elements_icon}</var>
<arg>//li//img[@class="side-bar-list-link-icon"]</arg>
<tag>Getter</tag>
<tag>PageContent</tag>
<doc>Returns a reference to Playwright [https://playwright.dev/docs/api/class-locator|Locator]
for all matched elements by ``selector``.</doc>
<status status="NOT RUN" starttime="20230912 10:07:23.730" endtime="20230912 10:07:23.730"/>
</kw>
<kw name="Get Length" library="BuiltIn">
<var>${elements_icon_count}</var>
<arg>${elements_icon}</arg>
<doc>Returns and logs the length of the given item as an integer.</doc>
<status status="NOT RUN" starttime="20230912 10:07:23.730" endtime="20230912 10:07:23.731"/>
</kw>
<kw name="Log" library="BuiltIn">
<arg>${elements_icon_count}</arg>
<doc>Logs the given message with the given level.</doc>
<status status="NOT RUN" starttime="20230912 10:07:23.731" endtime="20230912 10:07:23.731"/>
</kw>
<kw name="Get Elements" library="Browser">
<var>${elements_txt}</var>
<arg>//li//span[@class="side-bar-list-link-text"]</arg>
<tag>Getter</tag>
<tag>PageContent</tag>
<doc>Returns a reference to Playwright [https://playwright.dev/docs/api/class-locator|Locator]
for all matched elements by ``selector``.</doc>
<status status="NOT RUN" starttime="20230912 10:07:23.731" endtime="20230912 10:07:23.732"/>
</kw>
<kw name="Get Length" library="BuiltIn">
<var>${elements_txt_count}</var>
<arg>${elements_txt}</arg>
<doc>Returns and logs the length of the given item as an integer.</doc>
<status status="NOT RUN" starttime="20230912 10:07:23.732" endtime="20230912 10:07:23.732"/>
</kw>
<kw name="Log" library="BuiltIn">
<arg>${elements_txt_count}</arg>
<doc>Logs the given message with the given level.</doc>
<status status="NOT RUN" starttime="20230912 10:07:23.734" endtime="20230912 10:07:23.734"/>
</kw>
<kw name="Verify Total count menu" library="commonKeyword">
<arg>${elements_icon_count}</arg>
<arg>${elements_txt_count}</arg>
<status status="NOT RUN" starttime="20230912 10:07:23.734" endtime="20230912 10:07:23.734"/>
</kw>
<kw name="Sleep" library="BuiltIn">
<arg>5s</arg>
<doc>Pauses the test executed for the given time.</doc>
<status status="NOT RUN" starttime="20230912 10:07:23.735" endtime="20230912 10:07:23.735"/>
</kw>
<doc>No. 9
*** Prerequisite Steps ***
time: (15 นาที)
web: https://aisplay.ais.co.th/portal/

***Test Step Description***
1. เปิดเว็บ
2. กดปุ่มแฮมเบอเกอร์เมนู
3. [1] Get All Text Element ของ Side Menu
4. [2] Get All Icon Element ของ Side Menu

***Expected Result***
1. [1],[2] นับจำนวน(Count) ของ Element Text,Icon ที่ Get มาได้ของ Side Menu
---&gt; Verify จำนวน(Count)ที่ Get มาได้ว่าต้องมี "Text" ของ Menu "12" Element และ "Icon" ของ Menu "12" Element ที่แสดงอยู่บน Side Menu</doc>
<tag>day2</tag>
<status status="FAIL" starttime="20230912 10:07:13.590" endtime="20230912 10:07:23.736">TimeoutError: page.goto: Timeout 10000ms exceeded.
=========================== logs ===========================
navigating to "https://aisplay.ais.co.th/portal/", waiting until "load"
============================================================
Tip: Use "Set Browser Timeout" for increasing the timeout or double check your locator as the targeted element(s) couldn't be found.</status>
</test>
<test id="s1-t10" name="Loop Verify แล้ว Get ค่า Text ว่าห้ามเป็นค่า Null หรือ Empty แต่เป็นค่าอะไรก็ได้" line="199">
<kw name="OpenChrom" library="commonKeyword">
<kw name="Open Browser" library="Browser">
<arg>https://aisplay.ais.co.th/portal/</arg>
<arg>browser=chromium</arg>
<tag>BrowserControl</tag>
<tag>Setter</tag>
<doc>Opens a new browser instance. Use this keyword for quick experiments or debugging sessions.</doc>
<msg timestamp="20230912 10:07:23.831" level="WARN">Open Browser is for quick experimentation and debugging only. Use New Page for production.</msg>
<msg timestamp="20230912 10:07:23.832" level="INFO">Switching browser to browser=52597300-fa95-489b-a981-82a4e2162ff3</msg>
<msg timestamp="20230912 10:07:23.833" level="INFO">Successfully changed active browser</msg>
<msg timestamp="20230912 10:07:23.833" level="INFO">Reusing existing browser with id: browser=52597300-fa95-489b-a981-82a4e2162ff3</msg>
<msg timestamp="20230912 10:07:23.833" level="INFO">{
  "acceptDownloads": true,
  "bypassCSP": true,
  "forcedColors": "none",
  "hideRfBrowser": false,
  "ignoreHTTPSErrors": false,
  "javaScriptEnabled": true,
  "offline": false,
  "reducedMotion": "no-preference",
  "viewport": {
    "height": 720,
    "width": 1280
  },
  "deprecated_pos_args": []
}</msg>
<msg timestamp="20230912 10:07:23.846" level="INFO">Successfully created context. </msg>
<msg timestamp="20230912 10:07:23.846" level="INFO">{'acceptDownloads': True, 'bypassCSP': True, 'forcedColors': 'none', 'hideRfBrowser': False, 'ignoreHTTPSErrors': False, 'javaScriptEnabled': True, 'offline': False, 'reducedMotion': 'no-preference', 'viewport': {'height': 720, 'width': 1280}, 'deprecated_pos_args': []}</msg>
<msg timestamp="20230912 10:07:33.967" level="WARN">Keyword 'Take Screenshot  fail-screenshot-{index}' could not be run on failure:
Error: Tried to take screenshot, but no page was open.</msg>
<msg timestamp="20230912 10:07:33.968" level="INFO">See also file:///C:/Users/Entronica/Desktop/Ex_Test/playwright-log.txt for additional details.</msg>
<msg timestamp="20230912 10:07:33.968" level="FAIL">TimeoutError: page.goto: Timeout 10000ms exceeded.
=========================== logs ===========================
navigating to "https://aisplay.ais.co.th/portal/", waiting until "load"
============================================================
Tip: Use "Set Browser Timeout" for increasing the timeout or double check your locator as the targeted element(s) couldn't be found.</msg>
<status status="FAIL" starttime="20230912 10:07:23.831" endtime="20230912 10:07:33.968"/>
</kw>
<status status="FAIL" starttime="20230912 10:07:23.830" endtime="20230912 10:07:33.968"/>
</kw>
<kw name="Wait For Elements State" library="Browser">
<arg>//div[@class="auth-wrap animated fadeIn p-4 login-type"]</arg>
<arg>visible</arg>
<tag>PageContent</tag>
<tag>Wait</tag>
<doc>Waits for the element found by ``selector`` to satisfy state option.</doc>
<status status="NOT RUN" starttime="20230912 10:07:33.970" endtime="20230912 10:07:33.971"/>
</kw>
<kw name="Login without registration" library="commonKeyword">
<status status="NOT RUN" starttime="20230912 10:07:33.971" endtime="20230912 10:07:33.971"/>
</kw>
<kw name="Click" library="Browser">
<arg>xpath=//button[@class='navbar-toggler nav-heading-toogle']</arg>
<tag>PageContent</tag>
<tag>Setter</tag>
<doc>Simulates mouse click on the element found by ``selector``.</doc>
<status status="NOT RUN" starttime="20230912 10:07:33.971" endtime="20230912 10:07:33.972"/>
</kw>
<kw name="Get Elements" library="Browser">
<var>${elements_txt}</var>
<arg>//li//span[@class="side-bar-list-link-text"]</arg>
<tag>Getter</tag>
<tag>PageContent</tag>
<doc>Returns a reference to Playwright [https://playwright.dev/docs/api/class-locator|Locator]
for all matched elements by ``selector``.</doc>
<status status="NOT RUN" starttime="20230912 10:07:33.972" endtime="20230912 10:07:33.972"/>
</kw>
<kw name="Verify Text Menu" library="commonKeyword">
<arg>${elements_txt}</arg>
<status status="NOT RUN" starttime="20230912 10:07:33.972" endtime="20230912 10:07:33.972"/>
</kw>
<kw name="Sleep" library="BuiltIn">
<arg>5s</arg>
<doc>Pauses the test executed for the given time.</doc>
<status status="NOT RUN" starttime="20230912 10:07:33.973" endtime="20230912 10:07:33.973"/>
</kw>
<doc>No. 10
*** Prerequisite Steps ***
time: (15 นาที)
web: https://aisplay.ais.co.th/portal/

***Condition***
- ใช้ Regular Expression ในการดัก Pattern
- ในขณะที่ Loop ให้ทำการ Verify ไปด้วยตามจำนวนของ Element Side menu ที่แสดงอยู่บนเว็บ โดยไม่ fig จำนวนลูป

***Test Step Description***
1. เปิดเว็บ
2. [1] กดปุ่มแฮมเบอเกอร์เมนู

***Expected Result***
1. [1] Loop และ Verify "Text" ของ Menu ใน Side Menu ว่าห้ามเป็นค่า Null หรือ Empty แต่เป็นค่าอะไรก็ได้</doc>
<tag>day2</tag>
<status status="FAIL" starttime="20230912 10:07:23.821" endtime="20230912 10:07:33.973">TimeoutError: page.goto: Timeout 10000ms exceeded.
=========================== logs ===========================
navigating to "https://aisplay.ais.co.th/portal/", waiting until "load"
============================================================
Tip: Use "Set Browser Timeout" for increasing the timeout or double check your locator as the targeted element(s) couldn't be found.</status>
</test>
<test id="s1-t11" name="Loop Verify แล้ว Get ค่า Text ว่าต้องเป็น String" line="225">
<kw name="OpenChrom" library="commonKeyword">
<kw name="Open Browser" library="Browser">
<arg>https://aisplay.ais.co.th/portal/</arg>
<arg>browser=chromium</arg>
<tag>BrowserControl</tag>
<tag>Setter</tag>
<doc>Opens a new browser instance. Use this keyword for quick experiments or debugging sessions.</doc>
<msg timestamp="20230912 10:07:34.037" level="WARN">Open Browser is for quick experimentation and debugging only. Use New Page for production.</msg>
<msg timestamp="20230912 10:07:34.039" level="INFO">Switching browser to browser=52597300-fa95-489b-a981-82a4e2162ff3</msg>
<msg timestamp="20230912 10:07:34.042" level="INFO">Successfully changed active browser</msg>
<msg timestamp="20230912 10:07:34.042" level="INFO">Reusing existing browser with id: browser=52597300-fa95-489b-a981-82a4e2162ff3</msg>
<msg timestamp="20230912 10:07:34.043" level="INFO">{
  "acceptDownloads": true,
  "bypassCSP": true,
  "forcedColors": "none",
  "hideRfBrowser": false,
  "ignoreHTTPSErrors": false,
  "javaScriptEnabled": true,
  "offline": false,
  "reducedMotion": "no-preference",
  "viewport": {
    "height": 720,
    "width": 1280
  },
  "deprecated_pos_args": []
}</msg>
<msg timestamp="20230912 10:07:34.053" level="INFO">Successfully created context. </msg>
<msg timestamp="20230912 10:07:34.053" level="INFO">{'acceptDownloads': True, 'bypassCSP': True, 'forcedColors': 'none', 'hideRfBrowser': False, 'ignoreHTTPSErrors': False, 'javaScriptEnabled': True, 'offline': False, 'reducedMotion': 'no-preference', 'viewport': {'height': 720, 'width': 1280}, 'deprecated_pos_args': []}</msg>
<msg timestamp="20230912 10:07:44.160" level="WARN">Keyword 'Take Screenshot  fail-screenshot-{index}' could not be run on failure:
Error: Tried to take screenshot, but no page was open.</msg>
<msg timestamp="20230912 10:07:44.163" level="INFO">See also file:///C:/Users/Entronica/Desktop/Ex_Test/playwright-log.txt for additional details.</msg>
<msg timestamp="20230912 10:07:44.163" level="FAIL">TimeoutError: page.goto: Timeout 10000ms exceeded.
=========================== logs ===========================
navigating to "https://aisplay.ais.co.th/portal/", waiting until "load"
============================================================
Tip: Use "Set Browser Timeout" for increasing the timeout or double check your locator as the targeted element(s) couldn't be found.</msg>
<status status="FAIL" starttime="20230912 10:07:34.037" endtime="20230912 10:07:44.164"/>
</kw>
<status status="FAIL" starttime="20230912 10:07:34.036" endtime="20230912 10:07:44.165"/>
</kw>
<kw name="Wait For Elements State" library="Browser">
<arg>//div[@class="auth-wrap animated fadeIn p-4 login-type"]</arg>
<arg>visible</arg>
<tag>PageContent</tag>
<tag>Wait</tag>
<doc>Waits for the element found by ``selector`` to satisfy state option.</doc>
<status status="NOT RUN" starttime="20230912 10:07:44.165" endtime="20230912 10:07:44.166"/>
</kw>
<kw name="Login without registration" library="commonKeyword">
<status status="NOT RUN" starttime="20230912 10:07:44.166" endtime="20230912 10:07:44.167"/>
</kw>
<kw name="Click" library="Browser">
<arg>xpath=//button[@class='navbar-toggler nav-heading-toogle']</arg>
<tag>PageContent</tag>
<tag>Setter</tag>
<doc>Simulates mouse click on the element found by ``selector``.</doc>
<status status="NOT RUN" starttime="20230912 10:07:44.167" endtime="20230912 10:07:44.167"/>
</kw>
<kw name="Get Elements" library="Browser">
<var>${elements_txt}</var>
<arg>//li//span[@class="side-bar-list-link-text"]</arg>
<tag>Getter</tag>
<tag>PageContent</tag>
<doc>Returns a reference to Playwright [https://playwright.dev/docs/api/class-locator|Locator]
for all matched elements by ``selector``.</doc>
<status status="NOT RUN" starttime="20230912 10:07:44.168" endtime="20230912 10:07:44.168"/>
</kw>
<kw name="Verify txt is a string" library="commonKeyword">
<arg>${elements_txt}</arg>
<status status="NOT RUN" starttime="20230912 10:07:44.169" endtime="20230912 10:07:44.169"/>
</kw>
<kw name="Sleep" library="BuiltIn">
<arg>5s</arg>
<doc>Pauses the test executed for the given time.</doc>
<status status="NOT RUN" starttime="20230912 10:07:44.170" endtime="20230912 10:07:44.170"/>
</kw>
<doc>No. 11
*** Prerequisite Steps ***
time: (15 นาที)
web: https://aisplay.ais.co.th/portal/

***Condition***
- ใช้ Regular Expression ในการดัก Pattern
- ในขณะที่ Loop ให้ทำการ Verify ไปด้วยตามจำนวนของ Element Side menu ที่แสดงอยู่บนเว็บ โดยไม่ fig จำนวนลูป

***Test Step Description***
1. เปิดเว็บ
2. [1] กดปุ่มแฮมเบอเกอร์เมนู

***Expected Result***
1. [1] Loop และ Verify "Text" ของ Menu ใน Side Menu ว่าต้องเป็น String</doc>
<tag>day2</tag>
<status status="FAIL" starttime="20230912 10:07:34.031" endtime="20230912 10:07:44.170">TimeoutError: page.goto: Timeout 10000ms exceeded.
=========================== logs ===========================
navigating to "https://aisplay.ais.co.th/portal/", waiting until "load"
============================================================
Tip: Use "Set Browser Timeout" for increasing the timeout or double check your locator as the targeted element(s) couldn't be found.</status>
</test>
<test id="s1-t12" name="Loop Verify ใน Side Menu และ ใช้ Break เพื่อออก Loop" line="251">
<kw name="OpenChrom" library="commonKeyword">
<kw name="Open Browser" library="Browser">
<arg>https://aisplay.ais.co.th/portal/</arg>
<arg>browser=chromium</arg>
<tag>BrowserControl</tag>
<tag>Setter</tag>
<doc>Opens a new browser instance. Use this keyword for quick experiments or debugging sessions.</doc>
<msg timestamp="20230912 10:07:44.254" level="WARN">Open Browser is for quick experimentation and debugging only. Use New Page for production.</msg>
<msg timestamp="20230912 10:07:44.256" level="INFO">Switching browser to browser=52597300-fa95-489b-a981-82a4e2162ff3</msg>
<msg timestamp="20230912 10:07:44.258" level="INFO">Successfully changed active browser</msg>
<msg timestamp="20230912 10:07:44.258" level="INFO">Reusing existing browser with id: browser=52597300-fa95-489b-a981-82a4e2162ff3</msg>
<msg timestamp="20230912 10:07:44.258" level="INFO">{
  "acceptDownloads": true,
  "bypassCSP": true,
  "forcedColors": "none",
  "hideRfBrowser": false,
  "ignoreHTTPSErrors": false,
  "javaScriptEnabled": true,
  "offline": false,
  "reducedMotion": "no-preference",
  "viewport": {
    "height": 720,
    "width": 1280
  },
  "deprecated_pos_args": []
}</msg>
<msg timestamp="20230912 10:07:44.265" level="INFO">Successfully created context. </msg>
<msg timestamp="20230912 10:07:44.265" level="INFO">{'acceptDownloads': True, 'bypassCSP': True, 'forcedColors': 'none', 'hideRfBrowser': False, 'ignoreHTTPSErrors': False, 'javaScriptEnabled': True, 'offline': False, 'reducedMotion': 'no-preference', 'viewport': {'height': 720, 'width': 1280}, 'deprecated_pos_args': []}</msg>
<msg timestamp="20230912 10:07:54.380" level="WARN">Keyword 'Take Screenshot  fail-screenshot-{index}' could not be run on failure:
Error: Tried to take screenshot, but no page was open.</msg>
<msg timestamp="20230912 10:07:54.382" level="INFO">See also file:///C:/Users/Entronica/Desktop/Ex_Test/playwright-log.txt for additional details.</msg>
<msg timestamp="20230912 10:07:54.382" level="FAIL">TimeoutError: page.goto: Timeout 10000ms exceeded.
=========================== logs ===========================
navigating to "https://aisplay.ais.co.th/portal/", waiting until "load"
============================================================
Tip: Use "Set Browser Timeout" for increasing the timeout or double check your locator as the targeted element(s) couldn't be found.</msg>
<status status="FAIL" starttime="20230912 10:07:44.253" endtime="20230912 10:07:54.383"/>
</kw>
<status status="FAIL" starttime="20230912 10:07:44.253" endtime="20230912 10:07:54.384"/>
</kw>
<kw name="Wait For Elements State" library="Browser">
<arg>//div[@class="auth-wrap animated fadeIn p-4 login-type"]</arg>
<arg>visible</arg>
<tag>PageContent</tag>
<tag>Wait</tag>
<doc>Waits for the element found by ``selector`` to satisfy state option.</doc>
<status status="NOT RUN" starttime="20230912 10:07:54.385" endtime="20230912 10:07:54.385"/>
</kw>
<kw name="Login without registration" library="commonKeyword">
<status status="NOT RUN" starttime="20230912 10:07:54.386" endtime="20230912 10:07:54.386"/>
</kw>
<kw name="Click" library="Browser">
<arg>xpath=//button[@class='navbar-toggler nav-heading-toogle']</arg>
<tag>PageContent</tag>
<tag>Setter</tag>
<doc>Simulates mouse click on the element found by ``selector``.</doc>
<status status="NOT RUN" starttime="20230912 10:07:54.387" endtime="20230912 10:07:54.387"/>
</kw>
<kw name="Get Elements" library="Browser">
<var>${elements_txt}</var>
<arg>//li//span[@class="side-bar-list-link-text"]</arg>
<tag>Getter</tag>
<tag>PageContent</tag>
<doc>Returns a reference to Playwright [https://playwright.dev/docs/api/class-locator|Locator]
for all matched elements by ``selector``.</doc>
<status status="NOT RUN" starttime="20230912 10:07:54.388" endtime="20230912 10:07:54.388"/>
</kw>
<for flavor="IN">
<var>${element}</var>
<value>@{elements_txt}</value>
<iter>
<var name="${element}"/>
<kw name="Get Text" library="Browser">
<var>${text}</var>
<arg>${element}</arg>
<tag>Assertion</tag>
<tag>Getter</tag>
<tag>PageContent</tag>
<doc>Returns text attribute of the element found by ``selector``.</doc>
<status status="NOT RUN" starttime="20230912 10:07:54.391" endtime="20230912 10:07:54.391"/>
</kw>
<kw name="Run Keyword And Return Status" library="BuiltIn">
<var>${is_contained}</var>
<arg>Should Contain</arg>
<arg>${text}</arg>
<arg>กีฬา</arg>
<doc>Runs the given keyword with given arguments and returns the status as a Boolean value.</doc>
<status status="NOT RUN" starttime="20230912 10:07:54.392" endtime="20230912 10:07:54.392"/>
</kw>
<if>
<branch type="IF" condition="${is_contained}">
<kw name="Click" library="Browser">
<arg>//button[@class='side-bar-title-fixed-close']</arg>
<tag>PageContent</tag>
<tag>Setter</tag>
<doc>Simulates mouse click on the element found by ``selector``.</doc>
<status status="NOT RUN" starttime="20230912 10:07:54.394" endtime="20230912 10:07:54.394"/>
</kw>
<break>
<status status="NOT RUN" starttime="20230912 10:07:54.395" endtime="20230912 10:07:54.395"/>
</break>
<status status="NOT RUN" starttime="20230912 10:07:54.393" endtime="20230912 10:07:54.395"/>
</branch>
<status status="NOT RUN" starttime="20230912 10:07:54.393" endtime="20230912 10:07:54.397"/>
</if>
<status status="NOT RUN" starttime="20230912 10:07:54.391" endtime="20230912 10:07:54.397"/>
</iter>
<status status="NOT RUN" starttime="20230912 10:07:54.389" endtime="20230912 10:07:54.397"/>
</for>
<kw name="Sleep" library="BuiltIn">
<arg>5s</arg>
<doc>Pauses the test executed for the given time.</doc>
<status status="NOT RUN" starttime="20230912 10:07:54.398" endtime="20230912 10:07:54.398"/>
</kw>
<doc>No. 12
*** Prerequisite Steps ***
time: (15 นาที)
web: https://aisplay.ais.co.th/portal/

***Test Step Description***
1. เปิดเว็บ
2. กดปุ่มแฮมเบอเกอร์เมนู
3. [1] Loop และ Verify Side Menu

***Expected Result***
1. [1] ถ้าหาก Get Text แล้ว Value = "กีฬา" ให้ทำการ กดปุ่มปิด "X" บน Side Menu และ Break ออก Loop</doc>
<tag>day2</tag>
<status status="FAIL" starttime="20230912 10:07:44.248" endtime="20230912 10:07:54.399">TimeoutError: page.goto: Timeout 10000ms exceeded.
=========================== logs ===========================
navigating to "https://aisplay.ais.co.th/portal/", waiting until "load"
============================================================
Tip: Use "Set Browser Timeout" for increasing the timeout or double check your locator as the targeted element(s) couldn't be found.</status>
</test>
<test id="s1-t13" name="Click Element โดย รับค่า Arguments และไปแทนค่า Attribute &quot;Text()&quot; ใน Xpath" line="280">
<kw name="OpenChrom" library="commonKeyword">
<kw name="Open Browser" library="Browser">
<arg>https://aisplay.ais.co.th/portal/</arg>
<arg>browser=chromium</arg>
<tag>BrowserControl</tag>
<tag>Setter</tag>
<doc>Opens a new browser instance. Use this keyword for quick experiments or debugging sessions.</doc>
<msg timestamp="20230912 10:07:54.462" level="WARN">Open Browser is for quick experimentation and debugging only. Use New Page for production.</msg>
<msg timestamp="20230912 10:07:54.462" level="INFO">Switching browser to browser=52597300-fa95-489b-a981-82a4e2162ff3</msg>
<msg timestamp="20230912 10:07:54.464" level="INFO">Successfully changed active browser</msg>
<msg timestamp="20230912 10:07:54.464" level="INFO">Reusing existing browser with id: browser=52597300-fa95-489b-a981-82a4e2162ff3</msg>
<msg timestamp="20230912 10:07:54.464" level="INFO">{
  "acceptDownloads": true,
  "bypassCSP": true,
  "forcedColors": "none",
  "hideRfBrowser": false,
  "ignoreHTTPSErrors": false,
  "javaScriptEnabled": true,
  "offline": false,
  "reducedMotion": "no-preference",
  "viewport": {
    "height": 720,
    "width": 1280
  },
  "deprecated_pos_args": []
}</msg>
<msg timestamp="20230912 10:07:54.472" level="INFO">Successfully created context. </msg>
<msg timestamp="20230912 10:07:54.472" level="INFO">{'acceptDownloads': True, 'bypassCSP': True, 'forcedColors': 'none', 'hideRfBrowser': False, 'ignoreHTTPSErrors': False, 'javaScriptEnabled': True, 'offline': False, 'reducedMotion': 'no-preference', 'viewport': {'height': 720, 'width': 1280}, 'deprecated_pos_args': []}</msg>
<msg timestamp="20230912 10:08:04.578" level="WARN">Keyword 'Take Screenshot  fail-screenshot-{index}' could not be run on failure:
Error: Tried to take screenshot, but no page was open.</msg>
<msg timestamp="20230912 10:08:04.579" level="INFO">See also file:///C:/Users/Entronica/Desktop/Ex_Test/playwright-log.txt for additional details.</msg>
<msg timestamp="20230912 10:08:04.580" level="FAIL">TimeoutError: page.goto: Timeout 10000ms exceeded.
=========================== logs ===========================
navigating to "https://aisplay.ais.co.th/portal/", waiting until "load"
============================================================
Tip: Use "Set Browser Timeout" for increasing the timeout or double check your locator as the targeted element(s) couldn't be found.</msg>
<status status="FAIL" starttime="20230912 10:07:54.461" endtime="20230912 10:08:04.581"/>
</kw>
<status status="FAIL" starttime="20230912 10:07:54.461" endtime="20230912 10:08:04.582"/>
</kw>
<kw name="Wait For Elements State" library="Browser">
<arg>//div[@class="auth-wrap animated fadeIn p-4 login-type"]</arg>
<arg>visible</arg>
<tag>PageContent</tag>
<tag>Wait</tag>
<doc>Waits for the element found by ``selector`` to satisfy state option.</doc>
<status status="NOT RUN" starttime="20230912 10:08:04.582" endtime="20230912 10:08:04.583"/>
</kw>
<kw name="Login without registration" library="commonKeyword">
<status status="NOT RUN" starttime="20230912 10:08:04.583" endtime="20230912 10:08:04.583"/>
</kw>
<kw name="Click" library="Browser">
<arg>xpath=//button[@class='navbar-toggler nav-heading-toogle']</arg>
<tag>PageContent</tag>
<tag>Setter</tag>
<doc>Simulates mouse click on the element found by ``selector``.</doc>
<status status="NOT RUN" starttime="20230912 10:08:04.584" endtime="20230912 10:08:04.584"/>
</kw>
<kw name="Get Elements" library="Browser">
<var>${elements_txt}</var>
<arg>//li//span[@class="side-bar-list-link-text"]</arg>
<tag>Getter</tag>
<tag>PageContent</tag>
<doc>Returns a reference to Playwright [https://playwright.dev/docs/api/class-locator|Locator]
for all matched elements by ``selector``.</doc>
<status status="NOT RUN" starttime="20230912 10:08:04.585" endtime="20230912 10:08:04.586"/>
</kw>
<kw name="Evaluate" library="BuiltIn">
<var>${menu}</var>
<arg>random.choice($elements_txt)</arg>
<doc>Evaluates the given expression in Python and returns the result.</doc>
<status status="NOT RUN" starttime="20230912 10:08:04.587" endtime="20230912 10:08:04.587"/>
</kw>
<kw name="Next Page Menu" library="commonKeyword">
<arg>${menu}</arg>
<status status="NOT RUN" starttime="20230912 10:08:04.588" endtime="20230912 10:08:04.589"/>
</kw>
<kw name="Sleep" library="BuiltIn">
<arg>5s</arg>
<doc>Pauses the test executed for the given time.</doc>
<status status="NOT RUN" starttime="20230912 10:08:04.590" endtime="20230912 10:08:04.590"/>
</kw>
<doc>No. 13
*** Prerequisite Steps ***
time: (10 นาที)
web: https://aisplay.ais.co.th/portal/

***Test Step Description***
1. เปิดเว็บ
2. กดปุ่มแฮมเบอเกอร์เมนู
3. [1] กดปุ่ม Menu ใดก็ได้ บน Side Menu โดยระบุ Arguments

***Expected Result***
1. [1] ไปยังหน้า Page Menu ที่กด</doc>
<tag>day2</tag>
<status status="FAIL" starttime="20230912 10:07:54.455" endtime="20230912 10:08:04.592">TimeoutError: page.goto: Timeout 10000ms exceeded.
=========================== logs ===========================
navigating to "https://aisplay.ais.co.th/portal/", waiting until "load"
============================================================
Tip: Use "Set Browser Timeout" for increasing the timeout or double check your locator as the targeted element(s) couldn't be found.</status>
</test>
<test id="s1-t14" name="Click Element โดย รับค่า Embed และไปแทนค่า Attribute &quot;Text()&quot; ใน Xpath" line="303">
<kw name="OpenChrom" library="commonKeyword">
<kw name="Open Browser" library="Browser">
<arg>https://aisplay.ais.co.th/portal/</arg>
<arg>browser=chromium</arg>
<tag>BrowserControl</tag>
<tag>Setter</tag>
<doc>Opens a new browser instance. Use this keyword for quick experiments or debugging sessions.</doc>
<msg timestamp="20230912 10:08:04.672" level="WARN">Open Browser is for quick experimentation and debugging only. Use New Page for production.</msg>
<msg timestamp="20230912 10:08:04.673" level="INFO">Switching browser to browser=52597300-fa95-489b-a981-82a4e2162ff3</msg>
<msg timestamp="20230912 10:08:04.674" level="INFO">Successfully changed active browser</msg>
<msg timestamp="20230912 10:08:04.675" level="INFO">Reusing existing browser with id: browser=52597300-fa95-489b-a981-82a4e2162ff3</msg>
<msg timestamp="20230912 10:08:04.675" level="INFO">{
  "acceptDownloads": true,
  "bypassCSP": true,
  "forcedColors": "none",
  "hideRfBrowser": false,
  "ignoreHTTPSErrors": false,
  "javaScriptEnabled": true,
  "offline": false,
  "reducedMotion": "no-preference",
  "viewport": {
    "height": 720,
    "width": 1280
  },
  "deprecated_pos_args": []
}</msg>
<msg timestamp="20230912 10:08:04.682" level="INFO">Successfully created context. </msg>
<msg timestamp="20230912 10:08:04.682" level="INFO">{'acceptDownloads': True, 'bypassCSP': True, 'forcedColors': 'none', 'hideRfBrowser': False, 'ignoreHTTPSErrors': False, 'javaScriptEnabled': True, 'offline': False, 'reducedMotion': 'no-preference', 'viewport': {'height': 720, 'width': 1280}, 'deprecated_pos_args': []}</msg>
<msg timestamp="20230912 10:08:14.796" level="WARN">Keyword 'Take Screenshot  fail-screenshot-{index}' could not be run on failure:
Error: Tried to take screenshot, but no page was open.</msg>
<msg timestamp="20230912 10:08:14.798" level="INFO">See also file:///C:/Users/Entronica/Desktop/Ex_Test/playwright-log.txt for additional details.</msg>
<msg timestamp="20230912 10:08:14.798" level="FAIL">TimeoutError: page.goto: Timeout 10000ms exceeded.
=========================== logs ===========================
navigating to "https://aisplay.ais.co.th/portal/", waiting until "load"
============================================================
Tip: Use "Set Browser Timeout" for increasing the timeout or double check your locator as the targeted element(s) couldn't be found.</msg>
<status status="FAIL" starttime="20230912 10:08:04.672" endtime="20230912 10:08:14.799"/>
</kw>
<status status="FAIL" starttime="20230912 10:08:04.671" endtime="20230912 10:08:14.800"/>
</kw>
<kw name="Wait For Elements State" library="Browser">
<arg>//div[@class="auth-wrap animated fadeIn p-4 login-type"]</arg>
<arg>visible</arg>
<tag>PageContent</tag>
<tag>Wait</tag>
<doc>Waits for the element found by ``selector`` to satisfy state option.</doc>
<status status="NOT RUN" starttime="20230912 10:08:14.801" endtime="20230912 10:08:14.802"/>
</kw>
<kw name="Login without registration" library="commonKeyword">
<status status="NOT RUN" starttime="20230912 10:08:14.803" endtime="20230912 10:08:14.803"/>
</kw>
<kw name="Click" library="Browser">
<arg>xpath=//button[@class='navbar-toggler nav-heading-toogle']</arg>
<tag>PageContent</tag>
<tag>Setter</tag>
<doc>Simulates mouse click on the element found by ``selector``.</doc>
<status status="NOT RUN" starttime="20230912 10:08:14.804" endtime="20230912 10:08:14.804"/>
</kw>
<kw name="Verify all Element side menu" library="commonKeyword">
<status status="NOT RUN" starttime="20230912 10:08:14.805" endtime="20230912 10:08:14.805"/>
</kw>
<kw name="Click" library="Browser">
<arg>xpath=//li[@class='side-bar-list-item' and a/span[contains(text(), 'ตั้งค่า')]]</arg>
<tag>PageContent</tag>
<tag>Setter</tag>
<doc>Simulates mouse click on the element found by ``selector``.</doc>
<status status="NOT RUN" starttime="20230912 10:08:14.807" endtime="20230912 10:08:14.807"/>
</kw>
<kw name="Get Elements" library="Browser">
<var>${elements_txt}</var>
<arg>//div[@class="container-fluid px-0"]//div[4]//button</arg>
<tag>Getter</tag>
<tag>PageContent</tag>
<doc>Returns a reference to Playwright [https://playwright.dev/docs/api/class-locator|Locator]
for all matched elements by ``selector``.</doc>
<status status="NOT RUN" starttime="20230912 10:08:14.808" endtime="20230912 10:08:14.809"/>
</kw>
<kw name="Evaluate" library="BuiltIn">
<var>${menu}</var>
<arg>random.choice($elements_txt)</arg>
<doc>Evaluates the given expression in Python and returns the result.</doc>
<status status="NOT RUN" starttime="20230912 10:08:14.810" endtime="20230912 10:08:14.810"/>
</kw>
<kw name="Language is ${menu}" library="commonKeyword" sourcename="Language is ${language_setting}">
<status status="NOT RUN" starttime="20230912 10:08:14.811" endtime="20230912 10:08:14.812"/>
</kw>
<kw name="Sleep" library="BuiltIn">
<arg>5s</arg>
<doc>Pauses the test executed for the given time.</doc>
<status status="NOT RUN" starttime="20230912 10:08:14.813" endtime="20230912 10:08:14.813"/>
</kw>
<doc>No. 14
*** Prerequisite Steps ***
time: (10 นาที)
web: https://aisplay.ais.co.th/portal/

***Test Step Description***
1. เปิดเว็บ
2. Setting เปลื่ยนภาษา TH/EN
3. [1] กดปุ่ม เปลื่ยนภาษา ใดก็ได้ บน Setting Menu โดยระบุ Embed

***Expected Result***
1. [1] เปลื่ยนภาษาตาม ค่า Embed ที่โยนมา</doc>
<tag>day2</tag>
<status status="FAIL" starttime="20230912 10:08:04.665" endtime="20230912 10:08:14.814">TimeoutError: page.goto: Timeout 10000ms exceeded.
=========================== logs ===========================
navigating to "https://aisplay.ais.co.th/portal/", waiting until "load"
============================================================
Tip: Use "Set Browser Timeout" for increasing the timeout or double check your locator as the targeted element(s) couldn't be found.</status>
</test>
<status status="FAIL" starttime="20230912 10:05:47.956" endtime="20230912 10:08:14.917"/>
</suite>
<statistics>
<total>
<stat pass="0" fail="14" skip="0">All Tests</stat>
</total>
<tag>
<stat pass="0" fail="6" skip="0">day2</stat>
</tag>
<suite>
<stat pass="0" fail="14" skip="0" id="s1" name="Test">Test</stat>
</suite>
</statistics>
<errors>
<msg timestamp="20230912 10:05:49.564" level="WARN">Open Browser is for quick experimentation and debugging only. Use New Page for production.</msg>
<msg timestamp="20230912 10:06:02.022" level="WARN">Keyword 'Take Screenshot  fail-screenshot-{index}' could not be run on failure:
Error: Tried to take screenshot, but no page was open.</msg>
<msg timestamp="20230912 10:06:02.186" level="WARN">Open Browser is for quick experimentation and debugging only. Use New Page for production.</msg>
<msg timestamp="20230912 10:06:12.339" level="WARN">Keyword 'Take Screenshot  fail-screenshot-{index}' could not be run on failure:
Error: Tried to take screenshot, but no page was open.</msg>
<msg timestamp="20230912 10:06:12.427" level="WARN">Open Browser is for quick experimentation and debugging only. Use New Page for production.</msg>
<msg timestamp="20230912 10:06:22.556" level="WARN">Keyword 'Take Screenshot  fail-screenshot-{index}' could not be run on failure:
Error: Tried to take screenshot, but no page was open.</msg>
<msg timestamp="20230912 10:06:22.614" level="WARN">Open Browser is for quick experimentation and debugging only. Use New Page for production.</msg>
<msg timestamp="20230912 10:06:32.736" level="WARN">Keyword 'Take Screenshot  fail-screenshot-{index}' could not be run on failure:
Error: Tried to take screenshot, but no page was open.</msg>
<msg timestamp="20230912 10:06:32.800" level="WARN">Open Browser is for quick experimentation and debugging only. Use New Page for production.</msg>
<msg timestamp="20230912 10:06:42.920" level="WARN">Keyword 'Take Screenshot  fail-screenshot-{index}' could not be run on failure:
Error: Tried to take screenshot, but no page was open.</msg>
<msg timestamp="20230912 10:06:42.995" level="WARN">Open Browser is for quick experimentation and debugging only. Use New Page for production.</msg>
<msg timestamp="20230912 10:06:53.113" level="WARN">Keyword 'Take Screenshot  fail-screenshot-{index}' could not be run on failure:
Error: Tried to take screenshot, but no page was open.</msg>
<msg timestamp="20230912 10:06:53.177" level="WARN">Open Browser is for quick experimentation and debugging only. Use New Page for production.</msg>
<msg timestamp="20230912 10:07:03.302" level="WARN">Keyword 'Take Screenshot  fail-screenshot-{index}' could not be run on failure:
Error: Tried to take screenshot, but no page was open.</msg>
<msg timestamp="20230912 10:07:03.404" level="WARN">Open Browser is for quick experimentation and debugging only. Use New Page for production.</msg>
<msg timestamp="20230912 10:07:13.523" level="WARN">Keyword 'Take Screenshot  fail-screenshot-{index}' could not be run on failure:
Error: Tried to take screenshot, but no page was open.</msg>
<msg timestamp="20230912 10:07:13.589" level="WARN">Multiple tests with name 'Verify All Side Menu' executed in suite 'Test'.</msg>
<msg timestamp="20230912 10:07:13.597" level="WARN">Open Browser is for quick experimentation and debugging only. Use New Page for production.</msg>
<msg timestamp="20230912 10:07:23.721" level="WARN">Keyword 'Take Screenshot  fail-screenshot-{index}' could not be run on failure:
Error: Tried to take screenshot, but no page was open.</msg>
<msg timestamp="20230912 10:07:23.831" level="WARN">Open Browser is for quick experimentation and debugging only. Use New Page for production.</msg>
<msg timestamp="20230912 10:07:33.967" level="WARN">Keyword 'Take Screenshot  fail-screenshot-{index}' could not be run on failure:
Error: Tried to take screenshot, but no page was open.</msg>
<msg timestamp="20230912 10:07:34.037" level="WARN">Open Browser is for quick experimentation and debugging only. Use New Page for production.</msg>
<msg timestamp="20230912 10:07:44.160" level="WARN">Keyword 'Take Screenshot  fail-screenshot-{index}' could not be run on failure:
Error: Tried to take screenshot, but no page was open.</msg>
<msg timestamp="20230912 10:07:44.254" level="WARN">Open Browser is for quick experimentation and debugging only. Use New Page for production.</msg>
<msg timestamp="20230912 10:07:54.380" level="WARN">Keyword 'Take Screenshot  fail-screenshot-{index}' could not be run on failure:
Error: Tried to take screenshot, but no page was open.</msg>
<msg timestamp="20230912 10:07:54.462" level="WARN">Open Browser is for quick experimentation and debugging only. Use New Page for production.</msg>
<msg timestamp="20230912 10:08:04.578" level="WARN">Keyword 'Take Screenshot  fail-screenshot-{index}' could not be run on failure:
Error: Tried to take screenshot, but no page was open.</msg>
<msg timestamp="20230912 10:08:04.672" level="WARN">Open Browser is for quick experimentation and debugging only. Use New Page for production.</msg>
<msg timestamp="20230912 10:08:14.796" level="WARN">Keyword 'Take Screenshot  fail-screenshot-{index}' could not be run on failure:
Error: Tried to take screenshot, but no page was open.</msg>
</errors>
</robot>
