<?xml version="1.0" encoding="UTF-8"?>
<robot generator="Robot 6.1 (Python 3.7.4 on win32)" generated="20230912 14:25:44.819" rpa="false" schemaversion="4">
<suite id="s1" name="Test" source="C:\Users\Entronica\Desktop\Ex_Test\TestSuite\Test.robot">
<test id="s1-t1" name="Verify All Side Menu" line="8">
<kw name="Log" library="BuiltIn">
<arg>message</arg>
<doc>Logs the given message with the given level.</doc>
<msg timestamp="20230912 14:25:45.535" level="INFO">message</msg>
<status status="PASS" starttime="20230912 14:25:45.535" endtime="20230912 14:25:45.535"/>
</kw>
<status status="PASS" starttime="20230912 14:25:45.526" endtime="20230912 14:25:45.535"/>
</test>
<status status="PASS" starttime="20230912 14:25:44.820" endtime="20230912 14:25:45.557"/>
</suite>
<statistics>
<total>
<stat pass="1" fail="0" skip="0">All Tests</stat>
</total>
<tag>
</tag>
<suite>
<stat pass="1" fail="0" skip="0" id="s1" name="Test">Test</stat>
</suite>
</statistics>
<errors>
</errors>
</robot>
